代码随想录
    -数组
        1. 数组理论基础
        2. 二分查找 l0704
    -动态规划
        1. 动态规划理论基础
        2. 斐波那契数 l0509
        3. 爬楼梯 l0070
    -华为
        递归
        1. 买卖股票的最佳时机2 l0122
        分治
        1. 合并 K 个升序链表 l0023
        2. 多数元素 l0169
        3. 搜索二维矩阵 II l0240
        单调栈
        1. 柱状图中最大的矩形 l0084
        2. l0085
        3. l0739
        4. l0503
        并查集
        1. l0547
        2. l0200
        3. l0684
        滑动窗口
        1. 长度最小的子数组 l0209
        2. 无重复字符的最长子串 l0003
        3. 最大连续1的个数 III l1004
        4. 尽可能使字符串相等 l1208
        前缀和：
        1. 寻找数组的中心下标 l0724
        2. l0560、437、1248
        差分：leetcode1094、121、122
        拓扑排序：leetcode210
        字符串：leetcode5、20、43、93
        二分查找：leetcode33、34
        BFS：leetcode127、139、130、529、815
        DFS&回溯：leetcode934、685、1102、531、533、113、332、337
        动态规划：leetcode213、123、62、63、361、1230
        贪心：leetcode55、435、621、452
        字典树：leetcode820、208、648